<?xml version="1.0" encoding="UTF-8"?>
<!-- Generated by org.testng.reporters.JUnitReportReporter -->
<testsuite hostname="DESKTOP-O1O9U63" failures="0" tests="1" name="testScript.TC_001HP" time="17.714" errors="0" timestamp="2023-05-05T01:57:57 IST" skipped="0">
  <testcase classname="testScript.TC_001HP" name="multiTask" time="17.714"/>
  <system-out>
    <![CDATA[jyantkant@gmail.com]]>
  </system-out>
</testsuite> <!-- testScript.TC_001HP -->
